# JRE version: Java(TM) SE Runtime Environment (8.0_20-b26) (build 1.8.0_20-b26)
# Java VM: Java HotSpot(TM) 64-Bit Server VM (25.20-b23 mixed mode bsd-amd64 compressed oops)
Heap:
 PSYoungGen      total 302080K, used 53774K [0x00000007aab00000, 0x00000007c0000000, 0x00000007c0000000)
  eden space 255488K, 15% used [0x00000007aab00000,0x00000007ad0f3988,0x00000007ba480000)
  from space 46592K, 32% used [0x00000007ba480000,0x00000007bb310000,0x00000007bd200000)
  to   space 45568K, 0% used [0x00000007bd380000,0x00000007bd380000,0x00000007c0000000)
 ParOldGen       total 699392K, used 294033K [0x0000000780000000, 0x00000007aab00000, 0x00000007aab00000)
  object space 699392K, 42% used [0x0000000780000000,0x0000000791f24420,0x00000007aab00000)
 Metaspace       used 73507K, capacity 74250K, committed 74368K, reserved 1110016K
  class space    used 13100K, capacity 13335K, committed 13440K, reserved 1048576K
GC Heap History (10 events):
Event: 48.880 GC heap before
{Heap before GC invocations=22 (full 1):
 PSYoungGen      total 296960K, used 256064K [0x00000007aab00000, 0x00000007c0000000, 0x00000007c0000000)
  eden space 244224K, 100% used [0x00000007aab00000,0x00000007b9980000,0x00000007b9980000)
  from space 52736K, 22% used [0x00000007bcc80000,0x00000007bd810000,0x00000007c0000000)
  to   space 52224K, 0% used [0x00000007b9980000,0x00000007b9980000,0x00000007bcc80000)
 ParOldGen       total 699392K, used 209143K [0x0000000780000000, 0x00000007aab00000, 0x00000007aab00000)
  object space 699392K, 29% used [0x0000000780000000,0x000000078cc3dfe0,0x00000007aab00000)
 Metaspace       used 73490K, capacity 74250K, committed 74368K, reserved 1110016K
  class space    used 13099K, capacity 13335K, committed 13440K, reserved 1048576K
Event: 48.904 GC heap after
Heap after GC invocations=22 (full 1):
 PSYoungGen      total 296448K, used 25056K [0x00000007aab00000, 0x00000007c0000000, 0x00000007c0000000)
  eden space 244224K, 0% used [0x00000007aab00000,0x00000007aab00000,0x00000007b9980000)
  from space 52224K, 47% used [0x00000007b9980000,0x00000007bb1f8000,0x00000007bcc80000)
  to   space 50176K, 0% used [0x00000007bcf00000,0x00000007bcf00000,0x00000007c0000000)
 ParOldGen       total 699392K, used 220076K [0x0000000780000000, 0x00000007aab00000, 0x00000007aab00000)
  object space 699392K, 31% used [0x0000000780000000,0x000000078d6eb1a0,0x00000007aab00000)
 Metaspace       used 73490K, capacity 74250K, committed 74368K, reserved 1110016K
  class space    used 13099K, capacity 13335K, committed 13440K, reserved 1048576K
}
Event: 51.236 GC heap before
{Heap before GC invocations=23 (full 1):
 PSYoungGen      total 296448K, used 269280K [0x00000007aab00000, 0x00000007c0000000, 0x00000007c0000000)
  eden space 244224K, 100% used [0x00000007aab00000,0x00000007b9980000,0x00000007b9980000)
  from space 52224K, 47% used [0x00000007b9980000,0x00000007bb1f8000,0x00000007bcc80000)
  to   space 50176K, 0% used [0x00000007bcf00000,0x00000007bcf00000,0x00000007c0000000)
 ParOldGen       total 699392K, used 220076K [0x0000000780000000, 0x00000007aab00000, 0x00000007aab00000)
  object space 699392K, 31% used [0x0000000780000000,0x000000078d6eb1a0,0x00000007aab00000)
 Metaspace       used 73491K, capacity 74250K, committed 74368K, reserved 1110016K
  class space    used 13099K, capacity 13335K, committed 13440K, reserved 1048576K
Event: 51.267 GC heap after
Heap after GC invocations=23 (full 1):
 PSYoungGen      total 300032K, used 13344K [0x00000007aab00000, 0x00000007c0000000, 0x00000007c0000000)
  eden space 249856K, 0% used [0x00000007aab00000,0x00000007aab00000,0x00000007b9f00000)
  from space 50176K, 26% used [0x00000007bcf00000,0x00000007bdc08000,0x00000007c0000000)
  to   space 49152K, 0% used [0x00000007b9f00000,0x00000007b9f00000,0x00000007bcf00000)
 ParOldGen       total 699392K, used 244665K [0x0000000780000000, 0x00000007aab00000, 0x00000007aab00000)
  object space 699392K, 34% used [0x0000000780000000,0x000000078eeee410,0x00000007aab00000)
 Metaspace       used 73491K, capacity 74250K, committed 74368K, reserved 1110016K
  class space    used 13099K, capacity 13335K, committed 13440K, reserved 1048576K
}
Event: 52.947 GC heap before
{Heap before GC invocations=24 (full 1):
 PSYoungGen      total 300032K, used 263200K [0x00000007aab00000, 0x00000007c0000000, 0x00000007c0000000)
  eden space 249856K, 100% used [0x00000007aab00000,0x00000007b9f00000,0x00000007b9f00000)
  from space 50176K, 26% used [0x00000007bcf00000,0x00000007bdc08000,0x00000007c0000000)
  to   space 49152K, 0% used [0x00000007b9f00000,0x00000007b9f00000,0x00000007bcf00000)
 ParOldGen       total 699392K, used 244665K [0x0000000780000000, 0x00000007aab00000, 0x00000007aab00000)
  object space 699392K, 34% used [0x0000000780000000,0x000000078eeee410,0x00000007aab00000)
 Metaspace       used 73507K, capacity 74250K, committed 74368K, reserved 1110016K
  class space    used 13100K, capacity 13335K, committed 13440K, reserved 1048576K
Event: 52.964 GC heap after
Heap after GC invocations=24 (full 1):
 PSYoungGen      total 299008K, used 18528K [0x00000007aab00000, 0x00000007c0000000, 0x00000007c0000000)
  eden space 249856K, 0% used [0x00000007aab00000,0x00000007aab00000,0x00000007b9f00000)
  from space 49152K, 37% used [0x00000007b9f00000,0x00000007bb118000,0x00000007bcf00000)
  to   space 47104K, 0% used [0x00000007bd200000,0x00000007bd200000,0x00000007c0000000)
 ParOldGen       total 699392K, used 250058K [0x0000000780000000, 0x00000007aab00000, 0x00000007aab00000)
  object space 699392K, 35% used [0x0000000780000000,0x000000078f432830,0x00000007aab00000)
 Metaspace       used 73507K, capacity 74250K, committed 74368K, reserved 1110016K
  class space    used 13100K, capacity 13335K, committed 13440K, reserved 1048576K
}
Event: 54.456 GC heap before
{Heap before GC invocations=25 (full 1):
 PSYoungGen      total 299008K, used 268384K [0x00000007aab00000, 0x00000007c0000000, 0x00000007c0000000)
  eden space 249856K, 100% used [0x00000007aab00000,0x00000007b9f00000,0x00000007b9f00000)
  from space 49152K, 37% used [0x00000007b9f00000,0x00000007bb118000,0x00000007bcf00000)
  to   space 47104K, 0% used [0x00000007bd200000,0x00000007bd200000,0x00000007c0000000)
 ParOldGen       total 699392K, used 250058K [0x0000000780000000, 0x00000007aab00000, 0x00000007aab00000)
  object space 699392K, 35% used [0x0000000780000000,0x000000078f432830,0x00000007aab00000)
 Metaspace       used 73507K, capacity 74250K, committed 74368K, reserved 1110016K
  class space    used 13100K, capacity 13335K, committed 13440K, reserved 1048576K
Event: 54.487 GC heap after
Heap after GC invocations=25 (full 1):
 PSYoungGen      total 302592K, used 27776K [0x00000007aab00000, 0x00000007c0000000, 0x00000007c0000000)
  eden space 255488K, 0% used [0x00000007aab00000,0x00000007aab00000,0x00000007ba480000)
  from space 47104K, 58% used [0x00000007bd200000,0x00000007bed20000,0x00000007c0000000)
  to   space 46592K, 0% used [0x00000007ba480000,0x00000007ba480000,0x00000007bd200000)
 ParOldGen       total 699392K, used 266874K [0x0000000780000000, 0x00000007aab00000, 0x00000007aab00000)
  object space 699392K, 38% used [0x0000000780000000,0x000000079049e9e0,0x00000007aab00000)
 Metaspace       used 73507K, capacity 74250K, committed 74368K, reserved 1110016K
  class space    used 13100K, capacity 13335K, committed 13440K, reserved 1048576K
}
Event: 56.862 GC heap before
{Heap before GC invocations=26 (full 1):
 PSYoungGen      total 302592K, used 283264K [0x00000007aab00000, 0x00000007c0000000, 0x00000007c0000000)
  eden space 255488K, 100% used [0x00000007aab00000,0x00000007ba480000,0x00000007ba480000)
  from space 47104K, 58% used [0x00000007bd200000,0x00000007bed20000,0x00000007c0000000)
  to   space 46592K, 0% used [0x00000007ba480000,0x00000007ba480000,0x00000007bd200000)
 ParOldGen       total 699392K, used 266874K [0x0000000780000000, 0x00000007aab00000, 0x00000007aab00000)
  object space 699392K, 38% used [0x0000000780000000,0x000000079049e9e0,0x00000007aab00000)
 Metaspace       used 73507K, capacity 74250K, committed 74368K, reserved 1110016K
  class space    used 13100K, capacity 13335K, committed 13440K, reserved 1048576K
Event: 56.901 GC heap after
Heap after GC invocations=26 (full 1):
 PSYoungGen      total 302080K, used 14912K [0x00000007aab00000, 0x00000007c0000000, 0x00000007c0000000)
  eden space 255488K, 0% used [0x00000007aab00000,0x00000007aab00000,0x00000007ba480000)
  from space 46592K, 32% used [0x00000007ba480000,0x00000007bb310000,0x00000007bd200000)
  to   space 45568K, 0% used [0x00000007bd380000,0x00000007bd380000,0x00000007c0000000)
 ParOldGen       total 699392K, used 294033K [0x0000000780000000, 0x00000007aab00000, 0x00000007aab00000)
  object space 699392K, 42% used [0x0000000780000000,0x0000000791f24420,0x00000007aab00000)
 Metaspace       used 73507K, capacity 74250K, committed 74368K, reserved 1110016K
  class space    used 13100K, capacity 13335K, committed 13440K, reserved 1048576K
}

